<?xml version="1.0" encoding="UTF-8"?>
<!-- Generated by org.testng.reporters.JUnitReportReporter -->
<testsuite hostname="DESKTOP-74ULC4S" failures="0" tests="2" name="Runner.CucumberRunnerTests" time="9.064" errors="0" timestamp="2024-09-29T16:12:37 ICT" skipped="0">
  <testcase classname="Runner.CucumberRunnerTests" name="runScenario" time="7.581"/>
  <system-out/>
  <testcase classname="Runner.CucumberRunnerTests" name="runScenario" time="1.483"/>
  <system-out/>
</testsuite> <!-- Runner.CucumberRunnerTests -->
